21:45:44.156 [main] INFO  c.c.d.activiti.util.PropertyFileUtil - 读取application-files.properties
21:45:44.173 [main] DEBUG c.c.d.activiti.util.PropertyFileUtil - 读取属性文件：{application.properties,application.local.properties}
21:45:44.174 [main] DEBUG c.c.d.activiti.util.PropertyFileUtil - Loading properties file from:application.properties
21:45:44.176 [main] DEBUG c.c.d.activiti.util.PropertyFileUtil - Loading properties file from:application.local.properties
21:45:44.177 [main] INFO  c.c.d.activiti.util.PropertyFileUtil - Could not load properties from classpath:application.local.properties: class path resource [application.local.properties] cannot be opened because it does not exist
21:45:44.178 [main] DEBUG c.c.d.activiti.util.PropertyFileUtil - property: hibernate.ehcache.configFile, value: cache/ehcache-hibernate-local.xml
21:45:44.178 [main] DEBUG c.c.d.activiti.util.PropertyFileUtil - property: adminPath, value: /admin
21:45:44.178 [main] DEBUG c.c.d.activiti.util.PropertyFileUtil - property: jdbc.password, value: 123456
21:45:44.178 [main] DEBUG c.c.d.activiti.util.PropertyFileUtil - property: hibernate.dialect, value: org.hibernate.dialect.MySQLDialect
21:45:44.178 [main] DEBUG c.c.d.activiti.util.PropertyFileUtil - property: jdbc.pool.maxActive, value: 40
21:45:44.178 [main] DEBUG c.c.d.activiti.util.PropertyFileUtil - property: ehcache.configFile, value: cache/ehcache-local.xml
21:45:44.178 [main] DEBUG c.c.d.activiti.util.PropertyFileUtil - property: hibernate.format_sql, value: false
21:45:44.178 [main] DEBUG c.c.d.activiti.util.PropertyFileUtil - property: hibernate.search.default.indexBase, value: indexes
21:45:44.178 [main] DEBUG c.c.d.activiti.util.PropertyFileUtil - property: jdbc.url, value: jdbc:mysql://localhost:3306/db_husky?useUnicode=true&characterEncoding=utf-8
21:45:44.178 [main] DEBUG c.c.d.activiti.util.PropertyFileUtil - property: jdbc.pool.maxIdle, value: 5
21:45:44.178 [main] DEBUG c.c.d.activiti.util.PropertyFileUtil - property: hibernate.show_sql, value: true
21:45:44.179 [main] DEBUG c.c.d.activiti.util.PropertyFileUtil - property: jdbc.driver, value: com.mysql.jdbc.Driver
21:45:44.179 [main] DEBUG c.c.d.activiti.util.PropertyFileUtil - property: jdbc.username, value: root
21:45:44.179 [main] DEBUG c.c.d.activiti.util.PropertyFileUtil - property: frontPath, value: /f
21:45:44.179 [main] INFO  c.c.d.activiti.util.PropertyFileUtil - 读取application-files.properties
21:45:44.179 [main] INFO  c.c.dms.common.web.PropertiesServlet - 启用默认Profile
21:45:44.179 [main] DEBUG c.c.d.activiti.util.PropertyFileUtil - 获取属性：hibernate.ehcache.configFile，值：cache/ehcache-hibernate-local.xml
21:45:44.179 [main] DEBUG c.c.d.activiti.util.PropertyFileUtil - 获取属性：adminPath，值：/admin
21:45:44.179 [main] DEBUG c.c.d.activiti.util.PropertyFileUtil - 获取属性：jdbc.password，值：123456
21:45:44.179 [main] DEBUG c.c.d.activiti.util.PropertyFileUtil - 获取属性：hibernate.dialect，值：org.hibernate.dialect.MySQLDialect
21:45:44.180 [main] DEBUG c.c.d.activiti.util.PropertyFileUtil - 获取属性：jdbc.pool.maxActive，值：40
21:45:44.180 [main] DEBUG c.c.d.activiti.util.PropertyFileUtil - 获取属性：ehcache.configFile，值：cache/ehcache-local.xml
21:45:44.180 [main] DEBUG c.c.d.activiti.util.PropertyFileUtil - 获取属性：hibernate.format_sql，值：false
21:45:44.180 [main] DEBUG c.c.d.activiti.util.PropertyFileUtil - 获取属性：hibernate.search.default.indexBase，值：indexes
21:45:44.180 [main] DEBUG c.c.d.activiti.util.PropertyFileUtil - 获取属性：jdbc.pool.maxIdle，值：5
21:45:44.180 [main] DEBUG c.c.d.activiti.util.PropertyFileUtil - 获取属性：jdbc.url，值：jdbc:mysql://localhost:3306/db_husky?useUnicode=true&characterEncoding=utf-8
21:45:44.180 [main] DEBUG c.c.d.activiti.util.PropertyFileUtil - 获取属性：jdbc.username，值：root
21:45:44.180 [main] DEBUG c.c.d.activiti.util.PropertyFileUtil - 获取属性：jdbc.driver，值：com.mysql.jdbc.Driver
21:45:44.180 [main] DEBUG c.c.d.activiti.util.PropertyFileUtil - 获取属性：hibernate.show_sql，值：true
21:45:44.180 [main] DEBUG c.c.d.activiti.util.PropertyFileUtil - 获取属性：frontPath，值：/f
21:45:44.180 [main] INFO  c.c.dms.common.web.PropertiesServlet - ++++ 初始化[classpath下面的属性配置文件]完成 ++++
21:46:44.990 [qtp684958586-39] INFO  c.c.dms.system.utils.SessionListener - session：qgpil4afka98283305lvt12j add
21:56:25.596 [main] INFO  c.c.d.activiti.util.PropertyFileUtil - 读取application-files.properties
21:56:25.619 [main] DEBUG c.c.d.activiti.util.PropertyFileUtil - 读取属性文件：{application.properties,application.local.properties}
21:56:25.621 [main] DEBUG c.c.d.activiti.util.PropertyFileUtil - Loading properties file from:application.properties
21:56:25.625 [main] DEBUG c.c.d.activiti.util.PropertyFileUtil - Loading properties file from:application.local.properties
21:56:25.626 [main] INFO  c.c.d.activiti.util.PropertyFileUtil - Could not load properties from classpath:application.local.properties: class path resource [application.local.properties] cannot be opened because it does not exist
21:56:25.627 [main] DEBUG c.c.d.activiti.util.PropertyFileUtil - property: hibernate.ehcache.configFile, value: cache/ehcache-hibernate-local.xml
21:56:25.633 [main] DEBUG c.c.d.activiti.util.PropertyFileUtil - property: adminPath, value: /admin
21:56:25.633 [main] DEBUG c.c.d.activiti.util.PropertyFileUtil - property: jdbc.password, value: 123456
21:56:25.633 [main] DEBUG c.c.d.activiti.util.PropertyFileUtil - property: hibernate.dialect, value: org.hibernate.dialect.MySQLDialect
21:56:25.633 [main] DEBUG c.c.d.activiti.util.PropertyFileUtil - property: jdbc.pool.maxActive, value: 40
21:56:25.633 [main] DEBUG c.c.d.activiti.util.PropertyFileUtil - property: ehcache.configFile, value: cache/ehcache-local.xml
21:56:25.633 [main] DEBUG c.c.d.activiti.util.PropertyFileUtil - property: hibernate.format_sql, value: false
21:56:25.633 [main] DEBUG c.c.d.activiti.util.PropertyFileUtil - property: hibernate.search.default.indexBase, value: indexes
21:56:25.633 [main] DEBUG c.c.d.activiti.util.PropertyFileUtil - property: jdbc.url, value: jdbc:mysql://localhost:3306/db_husky?useUnicode=true&characterEncoding=utf-8
21:56:25.634 [main] DEBUG c.c.d.activiti.util.PropertyFileUtil - property: jdbc.pool.maxIdle, value: 5
21:56:25.634 [main] DEBUG c.c.d.activiti.util.PropertyFileUtil - property: hibernate.show_sql, value: true
21:56:25.634 [main] DEBUG c.c.d.activiti.util.PropertyFileUtil - property: jdbc.driver, value: com.mysql.jdbc.Driver
21:56:25.634 [main] DEBUG c.c.d.activiti.util.PropertyFileUtil - property: jdbc.username, value: root
21:56:25.635 [main] DEBUG c.c.d.activiti.util.PropertyFileUtil - property: frontPath, value: /f
21:56:25.636 [main] INFO  c.c.d.activiti.util.PropertyFileUtil - 读取application-files.properties
21:56:25.637 [main] INFO  c.c.dms.common.web.PropertiesServlet - 启用默认Profile
21:56:25.638 [main] DEBUG c.c.d.activiti.util.PropertyFileUtil - 获取属性：hibernate.ehcache.configFile，值：cache/ehcache-hibernate-local.xml
21:56:25.638 [main] DEBUG c.c.d.activiti.util.PropertyFileUtil - 获取属性：adminPath，值：/admin
21:56:25.638 [main] DEBUG c.c.d.activiti.util.PropertyFileUtil - 获取属性：jdbc.password，值：123456
21:56:25.639 [main] DEBUG c.c.d.activiti.util.PropertyFileUtil - 获取属性：hibernate.dialect，值：org.hibernate.dialect.MySQLDialect
21:56:25.642 [main] DEBUG c.c.d.activiti.util.PropertyFileUtil - 获取属性：jdbc.pool.maxActive，值：40
21:56:25.642 [main] DEBUG c.c.d.activiti.util.PropertyFileUtil - 获取属性：ehcache.configFile，值：cache/ehcache-local.xml
21:56:25.642 [main] DEBUG c.c.d.activiti.util.PropertyFileUtil - 获取属性：hibernate.format_sql，值：false
21:56:25.642 [main] DEBUG c.c.d.activiti.util.PropertyFileUtil - 获取属性：hibernate.search.default.indexBase，值：indexes
21:56:25.642 [main] DEBUG c.c.d.activiti.util.PropertyFileUtil - 获取属性：jdbc.pool.maxIdle，值：5
21:56:25.642 [main] DEBUG c.c.d.activiti.util.PropertyFileUtil - 获取属性：jdbc.url，值：jdbc:mysql://localhost:3306/db_husky?useUnicode=true&characterEncoding=utf-8
21:56:25.642 [main] DEBUG c.c.d.activiti.util.PropertyFileUtil - 获取属性：jdbc.username，值：root
21:56:25.643 [main] DEBUG c.c.d.activiti.util.PropertyFileUtil - 获取属性：jdbc.driver，值：com.mysql.jdbc.Driver
21:56:25.648 [main] DEBUG c.c.d.activiti.util.PropertyFileUtil - 获取属性：hibernate.show_sql，值：true
21:56:25.648 [main] DEBUG c.c.d.activiti.util.PropertyFileUtil - 获取属性：frontPath，值：/f
21:56:25.649 [main] INFO  c.c.dms.common.web.PropertiesServlet - ++++ 初始化[classpath下面的属性配置文件]完成 ++++
21:56:43.790 [qtp1310871029-40] INFO  c.c.dms.system.utils.SessionListener - session：715synn4m5sp2pjhvatvpnls add
